[1024/192229.130:INFO:CONSOLE(1)] "Failed to initialize cached content:", source: file:///C:/Program%20Files/Adobe/Adobe%20Photoshop%202020/Required/www-learn/build/spaces.js (1)
[1024/192737.757:INFO:CONSOLE(1)] "Long rAF frame-time", source: file:///C:/Program%20Files/Adobe/Adobe%20Photoshop%202020/Required/www-rich-tooltips/build/external.js (1)
[1024/193030.173:ERROR:media_internals.cc(112)] Cannot get RenderProcessHost
[1027/132439.144:INFO:CONSOLE(1)] "Failed to initialize cached content:", source: file:///C:/Program%20Files/Adobe/Adobe%20Photoshop%202020/Required/www-learn/build/spaces.js (1)
[1031/181431.878:INFO:CONSOLE(1)] "Failed to initialize cached content:", source: file:///C:/Program%20Files/Adobe/Adobe%20Photoshop%202020/Required/www-learn/build/spaces.js (1)
[1031/181447.988:INFO:CONSOLE(1)] "Long rAF frame-time", source: file:///C:/Program%20Files/Adobe/Adobe%20Photoshop%202020/Required/www-rich-tooltips/build/external.js (1)
[1031/181726.561:WARNING:angle_platform_impl.cc(52)] compileToBinary(230): 
C:\fakepath(69,8-58): warning X3571: pow(f, e) will not work for negative f, use abs(f) or conditionally handle negative values if you expect them
C:\fakepath(77,9-43): warning X3571: pow(f, e) will not work for negative f, use abs(f) or conditionally handle negative values if you expect them

[1031/201256.282:WARNING:dns_config_service_win.cc(668)] Failed to read DnsConfig.
[1031/201301.300:WARNING:dns_config_service_win.cc(668)] Failed to read DnsConfig.
[1031/201306.315:WARNING:dns_config_service_win.cc(668)] Failed to read DnsConfig.
[1031/201311.328:WARNING:dns_config_service_win.cc(668)] Failed to read DnsConfig.
[1031/201316.343:WARNING:dns_config_service_win.cc(668)] Failed to read DnsConfig.
[1031/202320.989:WARNING:dns_config_service_win.cc(668)] Failed to read DnsConfig.
[1031/202325.995:WARNING:dns_config_service_win.cc(668)] Failed to read DnsConfig.
[1031/202331.003:WARNING:dns_config_service_win.cc(668)] Failed to read DnsConfig.
[1031/202336.011:WARNING:dns_config_service_win.cc(668)] Failed to read DnsConfig.
[1031/202341.022:WARNING:dns_config_service_win.cc(668)] Failed to read DnsConfig.
[1031/202346.042:WARNING:dns_config_service_win.cc(668)] Failed to read DnsConfig.
[1031/203009.214:WARNING:dns_config_service_win.cc(668)] Failed to read DnsConfig.
[1031/203009.321:WARNING:dns_config_service_win.cc(668)] Failed to read DnsConfig.
[1031/203009.345:WARNING:dns_config_service_win.cc(668)] Failed to read DnsConfig.
[1031/203009.490:WARNING:dns_config_service_win.cc(668)] Failed to read DnsConfig.
[1031/203009.498:WARNING:dns_config_service_win.cc(668)] Failed to read DnsConfig.
[1031/203012.618:WARNING:dns_config_service_win.cc(668)] Failed to read DnsConfig.
[1031/203012.630:WARNING:dns_config_service_win.cc(668)] Failed to read DnsConfig.
[1031/203014.218:WARNING:dns_config_service_win.cc(668)] Failed to read DnsConfig.
[1031/203014.326:WARNING:dns_config_service_win.cc(668)] Failed to read DnsConfig.
[1031/203014.354:WARNING:dns_config_service_win.cc(668)] Failed to read DnsConfig.
[1031/203014.528:WARNING:dns_config_service_win.cc(668)] Failed to read DnsConfig.
[1031/203017.636:WARNING:dns_config_service_win.cc(668)] Failed to read DnsConfig.
[1031/203019.226:WARNING:dns_config_service_win.cc(668)] Failed to read DnsConfig.
[1031/203019.333:WARNING:dns_config_service_win.cc(668)] Failed to read DnsConfig.
[1031/203019.360:WARNING:dns_config_service_win.cc(668)] Failed to read DnsConfig.
[1031/203019.533:WARNING:dns_config_service_win.cc(668)] Failed to read DnsConfig.
[1031/203022.643:WARNING:dns_config_service_win.cc(668)] Failed to read DnsConfig.
[1031/203024.237:WARNING:dns_config_service_win.cc(668)] Failed to read DnsConfig.
[1031/203024.344:WARNING:dns_config_service_win.cc(668)] Failed to read DnsConfig.
[1031/203024.376:WARNING:dns_config_service_win.cc(668)] Failed to read DnsConfig.
[1031/203024.545:WARNING:dns_config_service_win.cc(668)] Failed to read DnsConfig.
[1031/203027.655:WARNING:dns_config_service_win.cc(668)] Failed to read DnsConfig.
[1031/203029.246:WARNING:dns_config_service_win.cc(668)] Failed to read DnsConfig.
[1031/203110.392:WARNING:dns_config_service_win.cc(668)] Failed to read DnsConfig.
[1031/203110.432:WARNING:dns_config_service_win.cc(668)] Failed to read DnsConfig.
[1031/203110.449:WARNING:dns_config_service_win.cc(668)] Failed to read DnsConfig.
[1031/203115.408:WARNING:dns_config_service_win.cc(668)] Failed to read DnsConfig.
[1031/203115.440:WARNING:dns_config_service_win.cc(668)] Failed to read DnsConfig.
[1031/203115.463:WARNING:dns_config_service_win.cc(668)] Failed to read DnsConfig.
[1031/203120.424:WARNING:dns_config_service_win.cc(668)] Failed to read DnsConfig.
[1031/203120.441:WARNING:dns_config_service_win.cc(668)] Failed to read DnsConfig.
[1031/203120.470:WARNING:dns_config_service_win.cc(668)] Failed to read DnsConfig.
[1031/203121.223:WARNING:dns_config_service_win.cc(668)] Failed to read DnsConfig.
[1031/203125.439:WARNING:dns_config_service_win.cc(668)] Failed to read DnsConfig.
[1031/203125.449:WARNING:dns_config_service_win.cc(668)] Failed to read DnsConfig.
[1031/203125.478:WARNING:dns_config_service_win.cc(668)] Failed to read DnsConfig.
[1031/203125.644:WARNING:dns_config_service_win.cc(668)] Failed to read DnsConfig.
[1031/203126.232:WARNING:dns_config_service_win.cc(668)] Failed to read DnsConfig.
[1031/203130.442:WARNING:dns_config_service_win.cc(668)] Failed to read DnsConfig.
[1031/203130.458:WARNING:dns_config_service_win.cc(668)] Failed to read DnsConfig.
[1031/203130.485:WARNING:dns_config_service_win.cc(668)] Failed to read DnsConfig.
[1031/203130.648:WARNING:dns_config_service_win.cc(668)] Failed to read DnsConfig.
[1031/203131.257:WARNING:dns_config_service_win.cc(668)] Failed to read DnsConfig.
[1031/203135.450:WARNING:dns_config_service_win.cc(668)] Failed to read DnsConfig.
[1031/203135.464:WARNING:dns_config_service_win.cc(668)] Failed to read DnsConfig.
[1031/203135.493:WARNING:dns_config_service_win.cc(668)] Failed to read DnsConfig.
[1031/203135.658:WARNING:dns_config_service_win.cc(668)] Failed to read DnsConfig.
[1031/203136.270:WARNING:dns_config_service_win.cc(668)] Failed to read DnsConfig.
[1031/203140.454:WARNING:dns_config_service_win.cc(668)] Failed to read DnsConfig.
[1031/203140.469:WARNING:dns_config_service_win.cc(668)] Failed to read DnsConfig.
[1031/203140.501:WARNING:dns_config_service_win.cc(668)] Failed to read DnsConfig.
[1031/203140.666:WARNING:dns_config_service_win.cc(668)] Failed to read DnsConfig.
[1031/203141.286:WARNING:dns_config_service_win.cc(668)] Failed to read DnsConfig.
[1031/203145.476:WARNING:dns_config_service_win.cc(668)] Failed to read DnsConfig.
[1031/203145.504:WARNING:dns_config_service_win.cc(668)] Failed to read DnsConfig.
[1031/203145.677:WARNING:dns_config_service_win.cc(668)] Failed to read DnsConfig.
[1031/203146.292:WARNING:dns_config_service_win.cc(668)] Failed to read DnsConfig.
[1031/203150.483:WARNING:dns_config_service_win.cc(668)] Failed to read DnsConfig.
[1031/203150.515:WARNING:dns_config_service_win.cc(668)] Failed to read DnsConfig.
[1031/203150.694:WARNING:dns_config_service_win.cc(668)] Failed to read DnsConfig.
[1031/203151.300:WARNING:dns_config_service_win.cc(668)] Failed to read DnsConfig.
[1031/203155.494:WARNING:dns_config_service_win.cc(668)] Failed to read DnsConfig.
[1031/203155.525:WARNING:dns_config_service_win.cc(668)] Failed to read DnsConfig.
[1031/203155.699:WARNING:dns_config_service_win.cc(668)] Failed to read DnsConfig.
[1031/203156.308:WARNING:dns_config_service_win.cc(668)] Failed to read DnsConfig.
[1031/203200.500:WARNING:dns_config_service_win.cc(668)] Failed to read DnsConfig.
[1031/203200.532:WARNING:dns_config_service_win.cc(668)] Failed to read DnsConfig.
[1031/203200.702:WARNING:dns_config_service_win.cc(668)] Failed to read DnsConfig.
[1031/203201.320:WARNING:dns_config_service_win.cc(668)] Failed to read DnsConfig.
[1031/203205.508:WARNING:dns_config_service_win.cc(668)] Failed to read DnsConfig.
[1031/203205.535:WARNING:dns_config_service_win.cc(668)] Failed to read DnsConfig.
[1031/203205.722:WARNING:dns_config_service_win.cc(668)] Failed to read DnsConfig.
[1031/203206.329:WARNING:dns_config_service_win.cc(668)] Failed to read DnsConfig.
[1031/203210.519:WARNING:dns_config_service_win.cc(668)] Failed to read DnsConfig.
[1031/203210.552:WARNING:dns_config_service_win.cc(668)] Failed to read DnsConfig.
[1031/203210.732:WARNING:dns_config_service_win.cc(668)] Failed to read DnsConfig.
[1031/203211.340:WARNING:dns_config_service_win.cc(668)] Failed to read DnsConfig.
[1031/203215.526:WARNING:dns_config_service_win.cc(668)] Failed to read DnsConfig.
[1031/203215.559:WARNING:dns_config_service_win.cc(668)] Failed to read DnsConfig.
[1031/203215.746:WARNING:dns_config_service_win.cc(668)] Failed to read DnsConfig.
[1031/203216.356:WARNING:dns_config_service_win.cc(668)] Failed to read DnsConfig.
[1031/203217.976:WARNING:dns_config_service_win.cc(668)] Failed to read DnsConfig.
[1031/203219.186:WARNING:dns_config_service_win.cc(668)] Failed to read DnsConfig.
[1031/203220.539:WARNING:dns_config_service_win.cc(668)] Failed to read DnsConfig.
[1031/203220.567:WARNING:dns_config_service_win.cc(668)] Failed to read DnsConfig.
[1031/203220.766:WARNING:dns_config_service_win.cc(668)] Failed to read DnsConfig.
[1031/203221.377:WARNING:dns_config_service_win.cc(668)] Failed to read DnsConfig.
[1031/203222.983:WARNING:dns_config_service_win.cc(668)] Failed to read DnsConfig.
[1031/203224.199:WARNING:dns_config_service_win.cc(668)] Failed to read DnsConfig.
[1031/203225.557:WARNING:dns_config_service_win.cc(668)] Failed to read DnsConfig.
[1031/203225.587:WARNING:dns_config_service_win.cc(668)] Failed to read DnsConfig.
[1031/203225.786:WARNING:dns_config_service_win.cc(668)] Failed to read DnsConfig.
[1031/203226.384:WARNING:dns_config_service_win.cc(668)] Failed to read DnsConfig.
[1031/203227.985:WARNING:dns_config_service_win.cc(668)] Failed to read DnsConfig.
[1031/203229.216:WARNING:dns_config_service_win.cc(668)] Failed to read DnsConfig.
[1031/203230.567:WARNING:dns_config_service_win.cc(668)] Failed to read DnsConfig.
[1031/203230.600:WARNING:dns_config_service_win.cc(668)] Failed to read DnsConfig.
[1031/203230.797:WARNING:dns_config_service_win.cc(668)] Failed to read DnsConfig.
[1031/203231.404:WARNING:dns_config_service_win.cc(668)] Failed to read DnsConfig.
[1031/203232.993:WARNING:dns_config_service_win.cc(668)] Failed to read DnsConfig.
[1031/203234.227:WARNING:dns_config_service_win.cc(668)] Failed to read DnsConfig.
[1031/203235.572:WARNING:dns_config_service_win.cc(668)] Failed to read DnsConfig.
[1031/203235.613:WARNING:dns_config_service_win.cc(668)] Failed to read DnsConfig.
[1031/203235.816:WARNING:dns_config_service_win.cc(668)] Failed to read DnsConfig.
[1031/215500.766:ERROR:media_internals.cc(112)] Cannot get RenderProcessHost
